<?xml version="1.0" encoding="UTF-8"?>
<!-- Generated by org.testng.reporters.JUnitReportReporter -->
<testsuite hostname="LAPTOP-0HRS7MGN" failures="0" tests="1" name="Practice.AppiumFrameWork.ECommerce_TC_5" time="32.663" errors="0" timestamp="2021-06-19T02:27:35 IST" skipped="0">
  <testcase classname="Practice.AppiumFrameWork.ECommerce_TC_5" name="totalvalidation" time="32.663"/>
  <system-out/>
</testsuite> <!-- Practice.AppiumFrameWork.ECommerce_TC_5 -->
