<?xml version="1.0" encoding="UTF-8"?>
<!-- Generated by org.testng.reporters.JUnitReportReporter -->
<testsuite hostname="LAPTOP-0HRS7MGN" failures="0" tests="2" name="Practice.AppiumFrameWork.ApiDemo" time="50.832" errors="0" timestamp="2021-06-19T02:51:38 IST" skipped="0">
  <testcase classname="Practice.AppiumFrameWork.ApiDemo" name="apiDemo" time="25.651"/>
  <system-out/>
  <testcase classname="Practice.AppiumFrameWork.ApiDemo" name="apiDemo" time="25.181"/>
  <system-out/>
</testsuite> <!-- Practice.AppiumFrameWork.ApiDemo -->
